Build started 11/1/2017 11:30:13 AM.
     1>Project "C:\Users\WengBin\Desktop\NINGSHUANG\FYP_QT\FYP_QT.vcxproj" on node 2 (Build target(s)).
     1>CustomBuild:
         Moc'ing FYP_QT.h...
         Uic'ing FYP_QT.ui...
         Rcc'ing FYP_QT.qrc...
     1>RCC : warning : No resources in 'C:\Users\WengBin\Desktop\NINGSHUANG\FYP_QT\FYP_QT.qrc'.
         
     1>C:\Program Files (x86)\MSBuild\Microsoft.Cpp\v4.0\V120\Microsoft.CppBuild.targets(935,5): warning MSB8027: Two or more files with the name of moc_FYP_QT.cpp will produce outputs to the same location. This can lead to an incorrect build result.  The files involved are GeneratedFiles\Debug\moc_FYP_QT.cpp, GeneratedFiles\Release\moc_FYP_QT.cpp.
       ClCompile:
         C:\Program Files (x86)\Microsoft Visual Studio 12.0\VC\bin\x86_amd64\CL.exe /c /I.\GeneratedFiles /I. /IC:\Qt\5.7\msvc2013_64\include /I.\GeneratedFiles\Debug /IC:\Qt\5.7\msvc2013_64\include\QtCore /IC:\Qt\5.7\msvc2013_64\include\QtGui /IC:\Qt\5.7\msvc2013_64\include\QtOpenGL /IC:\Qt\5.7\msvc2013_64\include\QtWidgets /Zi /nologo /W1 /WX- /Od /D UNICODE /D WIN32 /D WIN64 /D QT_DLL /D QT_CORE_LIB /D QT_GUI_LIB /D QT_OPENGL_LIB /D QT_WIDGETS_LIB /Gm- /EHsc /MDd /GS /fp:precise /Zc:wchar_t /Zc:forScope /Fo"x64\Debug\\" /Fd"x64\Debug\vc120.pdb" /Gd /TP /errorReport:prompt FYP_QT.cpp GeneratedFiles\Debug\moc_FYP_QT.cpp main.cpp
         FYP_QT.cpp
         moc_FYP_QT.cpp
         main.cpp
         Generating Code...
         C:\Program Files (x86)\Microsoft Visual Studio 12.0\VC\bin\x86_amd64\CL.exe /c /I.\GeneratedFiles /I. /IC:\Qt\5.7\msvc2013_64\include /I.\GeneratedFiles\Debug /IC:\Qt\5.7\msvc2013_64\include\QtCore /IC:\Qt\5.7\msvc2013_64\include\QtGui /IC:\Qt\5.7\msvc2013_64\include\QtOpenGL /IC:\Qt\5.7\msvc2013_64\include\QtWidgets /Zi /nologo /W1 /WX- /Od /D UNICODE /D WIN32 /D WIN64 /D QT_DLL /D QT_CORE_LIB /D QT_GUI_LIB /D QT_OPENGL_LIB /D QT_WIDGETS_LIB /Gm- /EHsc /MDd /GS /fp:precise /Zc:wchar_t /Zc:forScope /Fo"x64\Debug\\" /Fd"x64\Debug\vc120.pdb" /Gd /TP /errorReport:prompt GeneratedFiles\qrc_FYP_QT.cpp
         qrc_FYP_QT.cpp
       Link:
         C:\Program Files (x86)\Microsoft Visual Studio 12.0\VC\bin\x86_amd64\link.exe /ERRORREPORT:PROMPT /OUT:"C:\Users\WengBin\Desktop\NINGSHUANG\FYP_QT\x64\Debug\\FYP_QT.exe" /NOLOGO /LIBPATH:C:\Qt\5.7\msvc2013_64\lib qtmaind.lib Qt5Cored.lib Qt5Guid.lib Qt5OpenGLd.lib opengl32.lib glu32.lib Qt5Widgetsd.lib kernel32.lib user32.lib gdi32.lib winspool.lib comdlg32.lib advapi32.lib shell32.lib ole32.lib oleaut32.lib uuid.lib odbc32.lib odbccp32.lib /MANIFEST /MANIFESTUAC:"level='asInvoker' uiAccess='false'" /manifest:embed /DEBUG /PDB:"C:\Users\WengBin\Desktop\NINGSHUANG\FYP_QT\x64\Debug\FYP_QT.pdb" /SUBSYSTEM:WINDOWS /TLBID:1 /DYNAMICBASE /NXCOMPAT /IMPLIB:"C:\Users\WengBin\Desktop\NINGSHUANG\FYP_QT\x64\Debug\FYP_QT.lib" /MACHINE:X64 x64\Debug\FYP_QT.obj
         x64\Debug\moc_FYP_QT.obj
         x64\Debug\qrc_FYP_QT.obj
         x64\Debug\main.obj
         FYP_QT.vcxproj -> C:\Users\WengBin\Desktop\NINGSHUANG\FYP_QT\x64\Debug\FYP_QT.exe
     1>Done Building Project "C:\Users\WengBin\Desktop\NINGSHUANG\FYP_QT\FYP_QT.vcxproj" (Build target(s)).

Build succeeded.

Time Elapsed 00:00:07.30
