c:\users\wengbin\desktop\ningshuang\fyp_qt\x64\debug\temp\vc120.pdb
c:\users\wengbin\desktop\ningshuang\fyp_qt\x64\debug\temp\main.obj
c:\users\wengbin\desktop\ningshuang\fyp_qt\x64\debug\temp\mainwindow.obj
c:\users\wengbin\desktop\ningshuang\fyp_qt\x64\debug\temp\shapegenerator.obj
c:\users\wengbin\desktop\ningshuang\fyp_qt\x64\debug\temp\pugixml.obj
c:\users\wengbin\desktop\ningshuang\fyp_qt\x64\debug\temp\coverglwidget.obj
c:\users\wengbin\desktop\ningshuang\fyp_qt\x64\debug\temp\contactmodel.obj
c:\users\wengbin\desktop\ningshuang\fyp_qt\x64\debug\temp\accsynthhashmatrix.obj
c:\users\wengbin\desktop\ningshuang\fyp_qt\x64\debug\temp\moc_mainwindow.obj
c:\users\wengbin\desktop\ningshuang\fyp_qt\x64\debug\temp\moc_customglwidget.obj
c:\users\wengbin\desktop\ningshuang\fyp_qt\x64\debug\temp\moc_coverglwidget.obj
c:\users\wengbin\desktop\ningshuang\fyp_qt\x64\debug\temp\glm.obj
c:\users\wengbin\desktop\ningshuang\fyp_qt\x64\debug\temp\customglwidget.obj
c:\users\wengbin\desktop\ningshuang\fyp_qt\x64\debug\temp\contactmodel_cv.obj
c:\users\wengbin\desktop\ningshuang\fyp_qt\x64\debug\temp\qrc_mainwindow.obj
c:\users\wengbin\desktop\ningshuang\fyp_qt\generatedfiles\debug\moc_mainwindow.cpp
c:\users\wengbin\desktop\ningshuang\fyp_qt\generatedfiles\qrc_mainwindow.cpp
c:\users\wengbin\desktop\ningshuang\fyp_qt\generatedfiles\ui_mainwindow.h
c:\users\wengbin\desktop\ningshuang\fyp_qt\generatedfiles\debug\moc_customglwidget.cpp
c:\users\wengbin\desktop\ningshuang\fyp_qt\generatedfiles\debug\moc_coverglwidget.cpp
c:\users\wengbin\desktop\ningshuang\fyp_qt\x64\debug\fyp_qt.ilk
c:\users\wengbin\desktop\ningshuang\fyp_qt\x64\debug\fyp_qt.exe
c:\users\wengbin\desktop\ningshuang\fyp_qt\x64\debug\fyp_qt.pdb
c:\users\wengbin\desktop\ningshuang\fyp_qt\x64\debug\temp\fyp_qt.tlog\cl.command.1.tlog
c:\users\wengbin\desktop\ningshuang\fyp_qt\x64\debug\temp\fyp_qt.tlog\cl.read.1.tlog
c:\users\wengbin\desktop\ningshuang\fyp_qt\x64\debug\temp\fyp_qt.tlog\cl.write.1.tlog
c:\users\wengbin\desktop\ningshuang\fyp_qt\x64\debug\temp\fyp_qt.tlog\custombuild.command.1.tlog
c:\users\wengbin\desktop\ningshuang\fyp_qt\x64\debug\temp\fyp_qt.tlog\custombuild.read.1.tlog
c:\users\wengbin\desktop\ningshuang\fyp_qt\x64\debug\temp\fyp_qt.tlog\custombuild.write.1.tlog
c:\users\wengbin\desktop\ningshuang\fyp_qt\x64\debug\temp\fyp_qt.tlog\link.command.1.tlog
c:\users\wengbin\desktop\ningshuang\fyp_qt\x64\debug\temp\fyp_qt.tlog\link.read.1.tlog
c:\users\wengbin\desktop\ningshuang\fyp_qt\x64\debug\temp\fyp_qt.tlog\link.write.1.tlog
